<?xml version="1.0" encoding="UTF-8" standalone="no"?><testsuite errors="1" failures="0" name="Select a course" skipped="0" tests="1" time="7.48" timestamp="2023-09-13 02:52:38"><testcase name="Academy course"><error message="Could not start a new session. Could not start a new session. Response code 500. Message: session not created: This version of ChromeDriver only supports Chrome version 114&#10;Current browser version is 116.0.5845.189 with binary path C:\Program Files\Google\Chrome\Application\chrome.exe&#10;Build info: version: '4.1.4', revision: '535d840ee2'&#10;System info: host: 'ALEJANDRO', ip: '192.168.1.14', os.name: 'Windows 11', os.arch: 'amd64', os.version: '10.0', java.version: '1.8.0_372'&#10;Driver info: org.openqa.selenium.chrome.ChromeDriver&#10;Command: [null, newSession {capabilities=[Capabilities {browserName: chrome, goog:chromeOptions: {args: [--incognito, --start-maximized, --ignore-certificate-errors, --disable-infobars, --remote-allow-origins=*], extensions: []}}], desiredCapabilities=Capabilities {browserName: chrome, goog:chromeOptions: {args: [--incognito, --start-maximized, --ignore-certificate-errors, --disable-infobars, --remote-allow-origins=*], extensions: []}}}]&#10;Build info: version: '4.1.4', revision: '535d840ee2'&#10;System info: host: 'ALEJANDRO', ip: '192.168.1.14', os.name: 'Windows 11', os.arch: 'amd64', os.version: '10.0', java.version: '1.8.0_372'&#10;Driver info: driver.version: MyChromeDriver" type="org.openqa.selenium.SessionNotCreatedException">Could not start a new session. Could not start a new session. Response code 500. Message: session not created: This version of ChromeDriver only supports Chrome version 114
Current browser version is 116.0.5845.189 with binary path C:\Program Files\Google\Chrome\Application\chrome.exe
Build info: version: '4.1.4', revision: '535d840ee2'
System info: host: 'ALEJANDRO', ip: '192.168.1.14', os.name: 'Windows 11', os.arch: 'amd64', os.version: '10.0', java.version: '1.8.0_372'
Driver info: org.openqa.selenium.chrome.ChromeDriver
Command: [null, newSession {capabilities=[Capabilities {browserName: chrome, goog:chromeOptions: {args: [--incognito, --start-maximized, --ignore-certificate-errors, --disable-infobars, --remote-allow-origins=*], extensions: []}}], desiredCapabilities=Capabilities {browserName: chrome, goog:chromeOptions: {args: [--incognito, --start-maximized, --ignore-certificate-errors, --disable-infobars, --remote-allow-origins=*], extensions: []}}}]
Build info: version: '4.1.4', revision: '535d840ee2'
System info: host: 'ALEJANDRO', ip: '192.168.1.14', os.name: 'Windows 11', os.arch: 'amd64', os.version: '10.0', java.version: '1.8.0_372'
Driver info: driver.version: MyChromeDriver</error><system-err>Could not start a new session. Could not start a new session. Response code 500. Message: session not created: This version of ChromeDriver only supports Chrome version 114
Current browser version is 116.0.5845.189 with binary path C:\Program Files\Google\Chrome\Application\chrome.exe
Build info: version: '4.1.4', revision: '535d840ee2'
System info: host: 'ALEJANDRO', ip: '192.168.1.14', os.name: 'Windows 11', os.arch: 'amd64', os.version: '10.0', java.version: '1.8.0_372'
Driver info: org.openqa.selenium.chrome.ChromeDriver
Command: [null, newSession {capabilities=[Capabilities {browserName: chrome, goog:chromeOptions: {args: [--incognito, --start-maximized, --ignore-certificate-errors, --disable-infobars, --remote-allow-origins=*], extensions: []}}], desiredCapabilities=Capabilities {browserName: chrome, goog:chromeOptions: {args: [--incognito, --start-maximized, --ignore-certificate-errors, --disable-infobars, --remote-allow-origins=*], extensions: []}}}]
Build info: version: '4.1.4', revision: '535d840ee2'
System info: host: 'ALEJANDRO', ip: '192.168.1.14', os.name: 'Windows 11', os.arch: 'amd64', os.version: '10.0', java.version: '1.8.0_372'
Driver info: driver.version: MyChromeDriver&#13;
test.certificationlogin.utils.drivers.MyChromeDriver.chromeHisBrowserWeb(MyChromeDriver.java:23)&#13;
test.certificationlogin.stepdefinitions.TestAcademyStepDefinition.iAmOnTheMainHomePage(TestAcademyStepDefinition.java:25)&#13;
✽.I am on the main home page(file:///C:/Users/Usuario/Desktop/RepoSerenity/Serenity/Test_serenity_Automatizacion/src/test/resources/features/login/Academy_page.feature:3)&#13;
</system-err></testcase></testsuite>